<?xml version="1.0" encoding="UTF-8"?>
<coverage generated="1679157182754" clover="3.2.0">
  <project timestamp="1679157182754" name="All files">
    <metrics statements="90" coveredstatements="87" conditionals="16" coveredconditionals="13" methods="14" coveredmethods="14" elements="120" coveredelements="114" complexity="0" loc="90" ncloc="90" packages="7" files="10" classes="10"/>
    <package name="src">
      <metrics statements="9" coveredstatements="9" conditionals="0" coveredconditionals="0" methods="1" coveredmethods="1"/>
      <file name="app.js" path="C:\Users\bpech\Me\Learning\Projects\microservices-quiz-app\auth\src\app.js">
        <metrics statements="9" coveredstatements="9" conditionals="0" coveredconditionals="0" methods="1" coveredmethods="1"/>
        <line num="1" count="3" type="stmt"/>
        <line num="2" count="3" type="stmt"/>
        <line num="4" count="3" type="stmt"/>
        <line num="9" count="3" type="stmt"/>
        <line num="12" count="3" type="stmt"/>
        <line num="13" count="1" type="stmt"/>
        <line num="16" count="3" type="stmt"/>
        <line num="19" count="3" type="stmt"/>
        <line num="21" count="3" type="stmt"/>
      </file>
    </package>
    <package name="src.controllers">
      <metrics statements="18" coveredstatements="18" conditionals="4" coveredconditionals="4" methods="2" coveredmethods="2"/>
      <file name="authController.js" path="C:\Users\bpech\Me\Learning\Projects\microservices-quiz-app\auth\src\controllers\authController.js">
        <metrics statements="18" coveredstatements="18" conditionals="4" coveredconditionals="4" methods="2" coveredmethods="2"/>
        <line num="1" count="3" type="stmt"/>
        <line num="2" count="3" type="stmt"/>
        <line num="3" count="3" type="stmt"/>
        <line num="8" count="8" type="stmt"/>
        <line num="10" count="8" type="stmt"/>
        <line num="12" count="8" type="stmt"/>
        <line num="14" count="7" type="stmt"/>
        <line num="15" count="7" type="stmt"/>
        <line num="17" count="7" type="stmt"/>
        <line num="22" count="3" type="stmt"/>
        <line num="23" count="3" type="stmt"/>
        <line num="25" count="3" type="cond" truecount="4" falsecount="0"/>
        <line num="26" count="1" type="stmt"/>
        <line num="29" count="2" type="stmt"/>
        <line num="30" count="2" type="stmt"/>
        <line num="32" count="2" type="stmt"/>
        <line num="35" count="3" type="stmt"/>
        <line num="37" count="3" type="stmt"/>
      </file>
    </package>
    <package name="src.middlewares">
      <metrics statements="14" coveredstatements="13" conditionals="6" coveredconditionals="5" methods="2" coveredmethods="2"/>
      <file name="collectValidationErrors.js" path="C:\Users\bpech\Me\Learning\Projects\microservices-quiz-app\auth\src\middlewares\collectValidationErrors.js">
        <metrics statements="6" coveredstatements="6" conditionals="2" coveredconditionals="2" methods="1" coveredmethods="1"/>
        <line num="1" count="3" type="stmt"/>
        <line num="4" count="16" type="stmt"/>
        <line num="5" count="16" type="cond" truecount="2" falsecount="0"/>
        <line num="7" count="5" type="stmt"/>
        <line num="9" count="11" type="stmt"/>
        <line num="12" count="3" type="stmt"/>
      </file>
      <file name="errorHandler.js" path="C:\Users\bpech\Me\Learning\Projects\microservices-quiz-app\auth\src\middlewares\errorHandler.js">
        <metrics statements="8" coveredstatements="7" conditionals="4" coveredconditionals="3" methods="1" coveredmethods="1"/>
        <line num="1" count="3" type="stmt"/>
        <line num="4" count="1" type="stmt"/>
        <line num="6" count="1" type="cond" truecount="3" falsecount="1"/>
        <line num="7" count="1" type="stmt"/>
        <line num="8" count="1" type="stmt"/>
        <line num="9" count="1" type="stmt"/>
        <line num="13" count="0" type="stmt"/>
        <line num="17" count="3" type="stmt"/>
      </file>
    </package>
    <package name="src.models">
      <metrics statements="8" coveredstatements="8" conditionals="0" coveredconditionals="0" methods="1" coveredmethods="1"/>
      <file name="user.js" path="C:\Users\bpech\Me\Learning\Projects\microservices-quiz-app\auth\src\models\user.js">
        <metrics statements="8" coveredstatements="8" conditionals="0" coveredconditionals="0" methods="1" coveredmethods="1"/>
        <line num="1" count="3" type="stmt"/>
        <line num="3" count="3" type="stmt"/>
        <line num="19" count="9" type="stmt"/>
        <line num="20" count="9" type="stmt"/>
        <line num="21" count="9" type="stmt"/>
        <line num="22" count="9" type="stmt"/>
        <line num="28" count="3" type="stmt"/>
        <line num="30" count="3" type="stmt"/>
      </file>
    </package>
    <package name="src.routes">
      <metrics statements="9" coveredstatements="9" conditionals="0" coveredconditionals="0" methods="0" coveredmethods="0"/>
      <file name="authRouter.js" path="C:\Users\bpech\Me\Learning\Projects\microservices-quiz-app\auth\src\routes\authRouter.js">
        <metrics statements="9" coveredstatements="9" conditionals="0" coveredconditionals="0" methods="0" coveredmethods="0"/>
        <line num="1" count="3" type="stmt"/>
        <line num="2" count="3" type="stmt"/>
        <line num="4" count="3" type="stmt"/>
        <line num="5" count="3" type="stmt"/>
        <line num="7" count="3" type="stmt"/>
        <line num="10" count="3" type="stmt"/>
        <line num="22" count="3" type="stmt"/>
        <line num="41" count="3" type="stmt"/>
        <line num="53" count="3" type="stmt"/>
      </file>
    </package>
    <package name="src.utils">
      <metrics statements="20" coveredstatements="18" conditionals="6" coveredconditionals="4" methods="5" coveredmethods="5"/>
      <file name="password.js" path="C:\Users\bpech\Me\Learning\Projects\microservices-quiz-app\auth\src\utils\password.js">
        <metrics statements="6" coveredstatements="5" conditionals="0" coveredconditionals="0" methods="2" coveredmethods="2"/>
        <line num="1" count="3" type="stmt"/>
        <line num="9" count="8" type="stmt"/>
        <line num="19" count="3" type="stmt"/>
        <line num="20" count="3" type="stmt"/>
        <line num="22" count="0" type="stmt"/>
        <line num="26" count="3" type="stmt"/>
      </file>
      <file name="tokens.js" path="C:\Users\bpech\Me\Learning\Projects\microservices-quiz-app\auth\src\utils\tokens.js">
        <metrics statements="9" coveredstatements="9" conditionals="2" coveredconditionals="2" methods="2" coveredmethods="2"/>
        <line num="1" count="3" type="stmt"/>
        <line num="2" count="3" type="stmt"/>
        <line num="5" count="3" type="cond" truecount="2" falsecount="0"/>
        <line num="6" count="3" type="stmt"/>
        <line num="7" count="3" type="stmt"/>
        <line num="12" count="3" type="stmt"/>
        <line num="20" count="9" type="stmt"/>
        <line num="31" count="9" type="stmt"/>
        <line num="34" count="3" type="stmt"/>
      </file>
      <file name="utils.js" path="C:\Users\bpech\Me\Learning\Projects\microservices-quiz-app\auth\src\utils\utils.js">
        <metrics statements="5" coveredstatements="4" conditionals="4" coveredconditionals="2" methods="1" coveredmethods="1"/>
        <line num="7" count="3" type="stmt"/>
        <line num="8" count="3" type="cond" truecount="2" falsecount="2"/>
        <line num="9" count="0" type="stmt"/>
        <line num="11" count="3" type="stmt"/>
        <line num="14" count="3" type="stmt"/>
      </file>
    </package>
    <package name="tests.utils">
      <metrics statements="12" coveredstatements="12" conditionals="0" coveredconditionals="0" methods="3" coveredmethods="3"/>
      <file name="db.js" path="C:\Users\bpech\Me\Learning\Projects\microservices-quiz-app\auth\tests\utils\db.js">
        <metrics statements="12" coveredstatements="12" conditionals="0" coveredconditionals="0" methods="3" coveredmethods="3"/>
        <line num="1" count="3" type="stmt"/>
        <line num="2" count="3" type="stmt"/>
        <line num="10" count="3" type="stmt"/>
        <line num="11" count="3" type="stmt"/>
        <line num="19" count="3" type="stmt"/>
        <line num="20" count="3" type="stmt"/>
        <line num="21" count="3" type="stmt"/>
        <line num="28" count="11" type="stmt"/>
        <line num="29" count="11" type="stmt"/>
        <line num="30" count="11" type="stmt"/>
        <line num="34" count="3" type="stmt"/>
        <line num="35" count="3" type="stmt"/>
      </file>
    </package>
  </project>
</coverage>
