{"C:\\Users\\bpech\\Me\\Learning\\Projects\\microservices-quiz-app\\auth\\src\\app.js": {"path":"C:\\Users\\bpech\\Me\\Learning\\Projects\\microservices-quiz-app\\auth\\src\\app.js","statementMap":{"0":{"start":{"line":1,"column":16},"end":{"line":1,"column":34}},"1":{"start":{"line":2,"column":21},"end":{"line":2,"column":58}},"2":{"start":{"line":4,"column":12},"end":{"line":4,"column":21}},"3":{"start":{"line":9,"column":0},"end":{"line":9,"column":23}},"4":{"start":{"line":12,"column":0},"end":{"line":14,"column":2}},"5":{"start":{"line":13,"column":2},"end":{"line":13,"column":18}},"6":{"start":{"line":16,"column":0},"end":{"line":16,"column":52}},"7":{"start":{"line":19,"column":0},"end":{"line":19,"column":21}},"8":{"start":{"line":21,"column":0},"end":{"line":21,"column":20}}},"fnMap":{"0":{"name":"(anonymous_0)","decl":{"start":{"line":12,"column":21},"end":{"line":12,"column":22}},"loc":{"start":{"line":12,"column":35},"end":{"line":14,"column":1}},"line":12}},"branchMap":{},"s":{"0":3,"1":3,"2":3,"3":3,"4":3,"5":1,"6":3,"7":3,"8":3},"f":{"0":1},"b":{},"_coverageSchema":"1a1c01bbd47fc00a2c39e90264f33305004495a9","hash":"59230573c81e7476f86b0f38375b7eb9c8127727"}
,"C:\\Users\\bpech\\Me\\Learning\\Projects\\microservices-quiz-app\\auth\\src\\controllers\\authController.js": {"path":"C:\\Users\\bpech\\Me\\Learning\\Projects\\microservices-quiz-app\\auth\\src\\controllers\\authController.js","statementMap":{"0":{"start":{"line":1,"column":13},"end":{"line":1,"column":38}},"1":{"start":{"line":2,"column":41},"end":{"line":2,"column":69}},"2":{"start":{"line":3,"column":35},"end":{"line":3,"column":61}},"3":{"start":{"line":8,"column":33},"end":{"line":8,"column":41}},"4":{"start":{"line":10,"column":25},"end":{"line":10,"column":53}},"5":{"start":{"line":12,"column":15},"end":{"line":12,"column":72}},"6":{"start":{"line":14,"column":19},"end":{"line":14,"column":36}},"7":{"start":{"line":15,"column":2},"end":{"line":15,"column":26}},"8":{"start":{"line":17,"column":2},"end":{"line":17,"column":28}},"9":{"start":{"line":22,"column":33},"end":{"line":22,"column":41}},"10":{"start":{"line":23,"column":15},"end":{"line":23,"column":47}},"11":{"start":{"line":25,"column":2},"end":{"line":27,"column":3}},"12":{"start":{"line":26,"column":4},"end":{"line":26,"column":54}},"13":{"start":{"line":29,"column":19},"end":{"line":29,"column":36}},"14":{"start":{"line":30,"column":2},"end":{"line":30,"column":26}},"15":{"start":{"line":32,"column":2},"end":{"line":32,"column":16}},"16":{"start":{"line":35,"column":23},"end":{"line":35,"column":40}},"17":{"start":{"line":37,"column":0},"end":{"line":37,"column":31}}},"fnMap":{"0":{"name":"signUp","decl":{"start":{"line":6,"column":15},"end":{"line":6,"column":21}},"loc":{"start":{"line":6,"column":32},"end":{"line":18,"column":1}},"line":6},"1":{"name":"login","decl":{"start":{"line":21,"column":15},"end":{"line":21,"column":20}},"loc":{"start":{"line":21,"column":31},"end":{"line":33,"column":1}},"line":21}},"branchMap":{"0":{"loc":{"start":{"line":25,"column":2},"end":{"line":27,"column":3}},"type":"if","locations":[{"start":{"line":25,"column":2},"end":{"line":27,"column":3}},{"start":{},"end":{}}],"line":25},"1":{"loc":{"start":{"line":25,"column":6},"end":{"line":25,"column":63}},"type":"binary-expr","locations":[{"start":{"line":25,"column":6},"end":{"line":25,"column":11}},{"start":{"line":25,"column":15},"end":{"line":25,"column":63}}],"line":25}},"s":{"0":3,"1":3,"2":3,"3":8,"4":8,"5":8,"6":7,"7":7,"8":7,"9":3,"10":3,"11":3,"12":1,"13":2,"14":2,"15":2,"16":3,"17":3},"f":{"0":8,"1":3},"b":{"0":[1,2],"1":[3,3]},"_coverageSchema":"1a1c01bbd47fc00a2c39e90264f33305004495a9","hash":"6c32518e2df89b346f56b2c04d4c3d78da6201e2"}
,"C:\\Users\\bpech\\Me\\Learning\\Projects\\microservices-quiz-app\\auth\\src\\middlewares\\collectValidationErrors.js": {"path":"C:\\Users\\bpech\\Me\\Learning\\Projects\\microservices-quiz-app\\auth\\src\\middlewares\\collectValidationErrors.js","statementMap":{"0":{"start":{"line":1,"column":29},"end":{"line":1,"column":57}},"1":{"start":{"line":4,"column":17},"end":{"line":4,"column":38}},"2":{"start":{"line":5,"column":2},"end":{"line":8,"column":3}},"3":{"start":{"line":7,"column":4},"end":{"line":7,"column":59}},"4":{"start":{"line":9,"column":2},"end":{"line":9,"column":8}},"5":{"start":{"line":12,"column":0},"end":{"line":12,"column":40}}},"fnMap":{"0":{"name":"collectValidationErrors","decl":{"start":{"line":3,"column":9},"end":{"line":3,"column":32}},"loc":{"start":{"line":3,"column":49},"end":{"line":10,"column":1}},"line":3}},"branchMap":{"0":{"loc":{"start":{"line":5,"column":2},"end":{"line":8,"column":3}},"type":"if","locations":[{"start":{"line":5,"column":2},"end":{"line":8,"column":3}},{"start":{},"end":{}}],"line":5}},"s":{"0":3,"1":16,"2":16,"3":5,"4":11,"5":3},"f":{"0":16},"b":{"0":[5,11]},"_coverageSchema":"1a1c01bbd47fc00a2c39e90264f33305004495a9","hash":"762b7bbaefe735a171ff0bc6227756b50529d795"}
,"C:\\Users\\bpech\\Me\\Learning\\Projects\\microservices-quiz-app\\auth\\src\\middlewares\\errorHandler.js": {"path":"C:\\Users\\bpech\\Me\\Learning\\Projects\\microservices-quiz-app\\auth\\src\\middlewares\\errorHandler.js","statementMap":{"0":{"start":{"line":1,"column":0},"end":{"line":1,"column":31}},"1":{"start":{"line":4,"column":2},"end":{"line":4,"column":22}},"2":{"start":{"line":6,"column":2},"end":{"line":14,"column":3}},"3":{"start":{"line":7,"column":16},"end":{"line":7,"column":44}},"4":{"start":{"line":8,"column":16},"end":{"line":8,"column":54}},"5":{"start":{"line":9,"column":4},"end":{"line":9,"column":29}},"6":{"start":{"line":13,"column":4},"end":{"line":13,"column":29}},"7":{"start":{"line":17,"column":0},"end":{"line":17,"column":29}}},"fnMap":{"0":{"name":"errorHandler","decl":{"start":{"line":3,"column":9},"end":{"line":3,"column":21}},"loc":{"start":{"line":3,"column":43},"end":{"line":15,"column":1}},"line":3}},"branchMap":{"0":{"loc":{"start":{"line":6,"column":2},"end":{"line":14,"column":3}},"type":"if","locations":[{"start":{"line":6,"column":2},"end":{"line":14,"column":3}},{"start":{"line":12,"column":7},"end":{"line":14,"column":3}}],"line":6},"1":{"loc":{"start":{"line":6,"column":6},"end":{"line":6,"column":59}},"type":"binary-expr","locations":[{"start":{"line":6,"column":6},"end":{"line":6,"column":37}},{"start":{"line":6,"column":41},"end":{"line":6,"column":59}}],"line":6}},"s":{"0":3,"1":1,"2":1,"3":1,"4":1,"5":1,"6":0,"7":3},"f":{"0":1},"b":{"0":[1,0],"1":[1,1]},"_coverageSchema":"1a1c01bbd47fc00a2c39e90264f33305004495a9","hash":"1fb1a7029edd9ae7becf9ce978e111a1403c75a5"}
,"C:\\Users\\bpech\\Me\\Learning\\Projects\\microservices-quiz-app\\auth\\src\\models\\user.js": {"path":"C:\\Users\\bpech\\Me\\Learning\\Projects\\microservices-quiz-app\\auth\\src\\models\\user.js","statementMap":{"0":{"start":{"line":1,"column":17},"end":{"line":1,"column":36}},"1":{"start":{"line":3,"column":19},"end":{"line":26,"column":1}},"2":{"start":{"line":19,"column":8},"end":{"line":19,"column":24}},"3":{"start":{"line":20,"column":8},"end":{"line":20,"column":22}},"4":{"start":{"line":21,"column":8},"end":{"line":21,"column":27}},"5":{"start":{"line":22,"column":8},"end":{"line":22,"column":22}},"6":{"start":{"line":28,"column":13},"end":{"line":28,"column":47}},"7":{"start":{"line":30,"column":0},"end":{"line":30,"column":21}}},"fnMap":{"0":{"name":"(anonymous_0)","decl":{"start":{"line":18,"column":6},"end":{"line":18,"column":7}},"loc":{"start":{"line":18,"column":24},"end":{"line":23,"column":7}},"line":18}},"branchMap":{},"s":{"0":3,"1":3,"2":9,"3":9,"4":9,"5":9,"6":3,"7":3},"f":{"0":9},"b":{},"_coverageSchema":"1a1c01bbd47fc00a2c39e90264f33305004495a9","hash":"23bfe3df50245f7f070794812da807340e40fb9a"}
,"C:\\Users\\bpech\\Me\\Learning\\Projects\\microservices-quiz-app\\auth\\src\\routes\\authRouter.js": {"path":"C:\\Users\\bpech\\Me\\Learning\\Projects\\microservices-quiz-app\\auth\\src\\routes\\authRouter.js","statementMap":{"0":{"start":{"line":1,"column":16},"end":{"line":1,"column":34}},"1":{"start":{"line":2,"column":17},"end":{"line":2,"column":45}},"2":{"start":{"line":4,"column":23},"end":{"line":4,"column":63}},"3":{"start":{"line":5,"column":32},"end":{"line":5,"column":81}},"4":{"start":{"line":7,"column":15},"end":{"line":7,"column":31}},"5":{"start":{"line":10,"column":17},"end":{"line":19,"column":1}},"6":{"start":{"line":22,"column":0},"end":{"line":38,"column":1}},"7":{"start":{"line":41,"column":0},"end":{"line":51,"column":1}},"8":{"start":{"line":53,"column":0},"end":{"line":53,"column":23}}},"fnMap":{},"branchMap":{},"s":{"0":3,"1":3,"2":3,"3":3,"4":3,"5":3,"6":3,"7":3,"8":3},"f":{},"b":{},"_coverageSchema":"1a1c01bbd47fc00a2c39e90264f33305004495a9","hash":"776b02286540556d847173d71141cb0ad2752f76"}
,"C:\\Users\\bpech\\Me\\Learning\\Projects\\microservices-quiz-app\\auth\\src\\utils\\password.js": {"path":"C:\\Users\\bpech\\Me\\Learning\\Projects\\microservices-quiz-app\\auth\\src\\utils\\password.js","statementMap":{"0":{"start":{"line":1,"column":15},"end":{"line":1,"column":32}},"1":{"start":{"line":9,"column":2},"end":{"line":9,"column":40}},"2":{"start":{"line":19,"column":2},"end":{"line":23,"column":3}},"3":{"start":{"line":20,"column":4},"end":{"line":20,"column":57}},"4":{"start":{"line":22,"column":4},"end":{"line":22,"column":16}},"5":{"start":{"line":26,"column":0},"end":{"line":26,"column":49}}},"fnMap":{"0":{"name":"hashPassword","decl":{"start":{"line":8,"column":15},"end":{"line":8,"column":27}},"loc":{"start":{"line":8,"column":38},"end":{"line":10,"column":1}},"line":8},"1":{"name":"verifyPassword","decl":{"start":{"line":18,"column":15},"end":{"line":18,"column":29}},"loc":{"start":{"line":18,"column":56},"end":{"line":24,"column":1}},"line":18}},"branchMap":{},"s":{"0":3,"1":8,"2":3,"3":3,"4":0,"5":3},"f":{"0":8,"1":3},"b":{},"_coverageSchema":"1a1c01bbd47fc00a2c39e90264f33305004495a9","hash":"158fcd5e5cf6ab39f841ed288e86b07862f6907a"}
,"C:\\Users\\bpech\\Me\\Learning\\Projects\\microservices-quiz-app\\auth\\src\\utils\\tokens.js": {"path":"C:\\Users\\bpech\\Me\\Learning\\Projects\\microservices-quiz-app\\auth\\src\\utils\\tokens.js","statementMap":{"0":{"start":{"line":1,"column":12},"end":{"line":1,"column":35}},"1":{"start":{"line":2,"column":21},"end":{"line":2,"column":39}},"2":{"start":{"line":5,"column":19},"end":{"line":5,"column":53}},"3":{"start":{"line":6,"column":19},"end":{"line":6,"column":24}},"4":{"start":{"line":7,"column":23},"end":{"line":11,"column":1}},"5":{"start":{"line":12,"column":18},"end":{"line":12,"column":22}},"6":{"start":{"line":20,"column":2},"end":{"line":22,"column":4}},"7":{"start":{"line":31,"column":2},"end":{"line":31,"column":47}},"8":{"start":{"line":34,"column":0},"end":{"line":34,"column":43}}},"fnMap":{"0":{"name":"createToken","decl":{"start":{"line":19,"column":9},"end":{"line":19,"column":20}},"loc":{"start":{"line":19,"column":27},"end":{"line":23,"column":1}},"line":19},"1":{"name":"setCookie","decl":{"start":{"line":30,"column":9},"end":{"line":30,"column":18}},"loc":{"start":{"line":30,"column":31},"end":{"line":32,"column":1}},"line":30}},"branchMap":{"0":{"loc":{"start":{"line":5,"column":19},"end":{"line":5,"column":53}},"type":"binary-expr","locations":[{"start":{"line":5,"column":19},"end":{"line":5,"column":41}},{"start":{"line":5,"column":45},"end":{"line":5,"column":53}}],"line":5}},"s":{"0":3,"1":3,"2":3,"3":3,"4":3,"5":3,"6":9,"7":9,"8":3},"f":{"0":9,"1":9},"b":{"0":[3,3]},"_coverageSchema":"1a1c01bbd47fc00a2c39e90264f33305004495a9","hash":"ce23a55461ca704d4c6a74bf52de1fc521f9b597"}
,"C:\\Users\\bpech\\Me\\Learning\\Projects\\microservices-quiz-app\\auth\\src\\utils\\utils.js": {"path":"C:\\Users\\bpech\\Me\\Learning\\Projects\\microservices-quiz-app\\auth\\src\\utils\\utils.js","statementMap":{"0":{"start":{"line":7,"column":16},"end":{"line":7,"column":32}},"1":{"start":{"line":8,"column":2},"end":{"line":10,"column":3}},"2":{"start":{"line":9,"column":4},"end":{"line":9,"column":45}},"3":{"start":{"line":11,"column":2},"end":{"line":11,"column":14}},"4":{"start":{"line":14,"column":0},"end":{"line":14,"column":29}}},"fnMap":{"0":{"name":"checkEnv","decl":{"start":{"line":6,"column":9},"end":{"line":6,"column":17}},"loc":{"start":{"line":6,"column":23},"end":{"line":12,"column":1}},"line":6}},"branchMap":{"0":{"loc":{"start":{"line":8,"column":2},"end":{"line":10,"column":3}},"type":"if","locations":[{"start":{"line":8,"column":2},"end":{"line":10,"column":3}},{"start":{},"end":{}}],"line":8},"1":{"loc":{"start":{"line":8,"column":6},"end":{"line":8,"column":52}},"type":"binary-expr","locations":[{"start":{"line":8,"column":6},"end":{"line":8,"column":42}},{"start":{"line":8,"column":46},"end":{"line":8,"column":52}}],"line":8}},"s":{"0":3,"1":3,"2":0,"3":3,"4":3},"f":{"0":3},"b":{"0":[0,3],"1":[3,0]},"_coverageSchema":"1a1c01bbd47fc00a2c39e90264f33305004495a9","hash":"81f4b99822ada7bcff225b3581d406cb17303204"}
,"C:\\Users\\bpech\\Me\\Learning\\Projects\\microservices-quiz-app\\auth\\tests\\utils\\db.js": {"path":"C:\\Users\\bpech\\Me\\Learning\\Projects\\microservices-quiz-app\\auth\\tests\\utils\\db.js","statementMap":{"0":{"start":{"line":1,"column":17},"end":{"line":1,"column":36}},"1":{"start":{"line":2,"column":30},"end":{"line":2,"column":62}},"2":{"start":{"line":10,"column":2},"end":{"line":10,"column":48}},"3":{"start":{"line":11,"column":2},"end":{"line":11,"column":46}},"4":{"start":{"line":19,"column":2},"end":{"line":19,"column":42}},"5":{"start":{"line":20,"column":2},"end":{"line":20,"column":35}},"6":{"start":{"line":21,"column":2},"end":{"line":21,"column":26}},"7":{"start":{"line":28,"column":22},"end":{"line":28,"column":68}},"8":{"start":{"line":29,"column":2},"end":{"line":31,"column":3}},"9":{"start":{"line":30,"column":4},"end":{"line":30,"column":33}},"10":{"start":{"line":34,"column":11},"end":{"line":34,"column":41}},"11":{"start":{"line":35,"column":0},"end":{"line":35,"column":19}}},"fnMap":{"0":{"name":"connect","decl":{"start":{"line":9,"column":15},"end":{"line":9,"column":22}},"loc":{"start":{"line":9,"column":25},"end":{"line":12,"column":1}},"line":9},"1":{"name":"disconnect","decl":{"start":{"line":17,"column":15},"end":{"line":17,"column":25}},"loc":{"start":{"line":17,"column":28},"end":{"line":22,"column":1}},"line":17},"2":{"name":"clear","decl":{"start":{"line":27,"column":15},"end":{"line":27,"column":20}},"loc":{"start":{"line":27,"column":23},"end":{"line":32,"column":1}},"line":27}},"branchMap":{},"s":{"0":3,"1":3,"2":3,"3":3,"4":3,"5":3,"6":3,"7":11,"8":11,"9":11,"10":3,"11":3},"f":{"0":3,"1":3,"2":11},"b":{},"_coverageSchema":"1a1c01bbd47fc00a2c39e90264f33305004495a9","hash":"82db0eea88cde6d3d21018bbbaf6579b3b741e35"}
}
