TN:
SF:src\app.js
FN:11,(anonymous_0)
FNF:1
FNH:1
FNDA:1,(anonymous_0)
DA:1,2
DA:3,2
DA:8,2
DA:11,2
DA:12,1
DA:15,2
DA:17,2
LF:7
LH:7
BRF:0
BRH:0
end_of_record
TN:
SF:src\controllers\authController.js
FN:6,signUp
FN:20,login
FNF:2
FNH:1
FNDA:3,signUp
FNDA:0,login
DA:1,2
DA:2,2
DA:3,2
DA:8,3
DA:10,3
DA:12,3
DA:14,3
DA:15,3
DA:16,3
DA:22,2
DA:24,2
LF:11
LH:11
BRF:0
BRH:0
end_of_record
TN:
SF:src\middlewares\collectValidationErrors.js
FN:3,collectValidationErrors
FNF:1
FNH:1
FNDA:7,collectValidationErrors
DA:1,2
DA:4,7
DA:5,7
DA:7,4
DA:9,3
DA:12,2
LF:6
LH:6
BRDA:5,0,0,4
BRDA:5,0,1,3
BRF:2
BRH:2
end_of_record
TN:
SF:src\models\user.js
FN:17,(anonymous_0)
FNF:1
FNH:1
FNDA:3,(anonymous_0)
DA:1,2
DA:3,2
DA:18,3
DA:19,3
DA:20,3
DA:21,3
DA:27,2
DA:29,2
LF:8
LH:8
BRF:0
BRH:0
end_of_record
TN:
SF:src\routes\authRouter.js
FNF:0
FNH:0
DA:1,2
DA:2,2
DA:4,2
DA:5,2
DA:7,2
DA:10,2
DA:22,2
DA:41,2
DA:53,2
LF:9
LH:9
BRF:0
BRH:0
end_of_record
TN:
SF:src\utils\password.js
FN:8,hashPassword
FN:18,verifyPassword
FNF:2
FNH:1
FNDA:3,hashPassword
FNDA:0,verifyPassword
DA:1,2
DA:9,3
DA:19,0
DA:20,0
DA:22,0
DA:26,2
LF:6
LH:3
BRF:0
BRH:0
end_of_record
TN:
SF:src\utils\tokens.js
FN:19,createToken
FN:30,setCookie
FNF:2
FNH:2
FNDA:3,createToken
FNDA:3,setCookie
DA:1,2
DA:2,2
DA:5,2
DA:6,2
DA:7,2
DA:12,2
DA:20,3
DA:31,3
DA:34,2
LF:9
LH:9
BRDA:5,0,0,2
BRDA:5,0,1,2
BRF:2
BRH:2
end_of_record
TN:
SF:src\utils\utils.js
FN:6,checkEnv
FNF:1
FNH:1
FNDA:2,checkEnv
DA:7,2
DA:8,2
DA:9,0
DA:11,2
DA:14,2
LF:5
LH:4
BRDA:8,0,0,0
BRDA:8,0,1,2
BRDA:8,1,0,2
BRDA:8,1,1,0
BRF:4
BRH:2
end_of_record
TN:
SF:tests\utils\db.js
FN:9,connect
FN:17,disconnect
FN:27,clear
FNF:3
FNH:2
FNDA:2,connect
FNDA:2,disconnect
FNDA:0,clear
DA:1,2
DA:2,2
DA:10,2
DA:11,2
DA:19,2
DA:20,2
DA:21,2
DA:28,0
DA:29,0
DA:30,0
DA:34,2
DA:35,2
LF:12
LH:9
BRF:0
BRH:0
end_of_record
