TN:
SF:src\app.js
FN:12,(anonymous_0)
FNF:1
FNH:1
FNDA:1,(anonymous_0)
DA:1,3
DA:2,3
DA:4,3
DA:9,3
DA:12,3
DA:13,1
DA:16,3
DA:19,3
DA:21,3
LF:9
LH:9
BRF:0
BRH:0
end_of_record
TN:
SF:src\controllers\authController.js
FN:6,signUp
FN:21,login
FNF:2
FNH:2
FNDA:8,signUp
FNDA:3,login
DA:1,3
DA:2,3
DA:3,3
DA:8,8
DA:10,8
DA:12,8
DA:14,7
DA:15,7
DA:17,7
DA:22,3
DA:23,3
DA:25,3
DA:26,1
DA:29,2
DA:30,2
DA:32,2
DA:35,3
DA:37,3
LF:18
LH:18
BRDA:25,0,0,1
BRDA:25,0,1,2
BRDA:25,1,0,3
BRDA:25,1,1,3
BRF:4
BRH:4
end_of_record
TN:
SF:src\middlewares\collectValidationErrors.js
FN:3,collectValidationErrors
FNF:1
FNH:1
FNDA:16,collectValidationErrors
DA:1,3
DA:4,16
DA:5,16
DA:7,5
DA:9,11
DA:12,3
LF:6
LH:6
BRDA:5,0,0,5
BRDA:5,0,1,11
BRF:2
BRH:2
end_of_record
TN:
SF:src\middlewares\errorHandler.js
FN:3,errorHandler
FNF:1
FNH:1
FNDA:1,errorHandler
DA:1,3
DA:4,1
DA:6,1
DA:7,1
DA:8,1
DA:9,1
DA:13,0
DA:17,3
LF:8
LH:7
BRDA:6,0,0,1
BRDA:6,0,1,0
BRDA:6,1,0,1
BRDA:6,1,1,1
BRF:4
BRH:3
end_of_record
TN:
SF:src\models\user.js
FN:18,(anonymous_0)
FNF:1
FNH:1
FNDA:9,(anonymous_0)
DA:1,3
DA:3,3
DA:19,9
DA:20,9
DA:21,9
DA:22,9
DA:28,3
DA:30,3
LF:8
LH:8
BRF:0
BRH:0
end_of_record
TN:
SF:src\routes\authRouter.js
FNF:0
FNH:0
DA:1,3
DA:2,3
DA:4,3
DA:5,3
DA:7,3
DA:10,3
DA:22,3
DA:41,3
DA:53,3
LF:9
LH:9
BRF:0
BRH:0
end_of_record
TN:
SF:src\utils\password.js
FN:8,hashPassword
FN:18,verifyPassword
FNF:2
FNH:2
FNDA:8,hashPassword
FNDA:3,verifyPassword
DA:1,3
DA:9,8
DA:19,3
DA:20,3
DA:22,0
DA:26,3
LF:6
LH:5
BRF:0
BRH:0
end_of_record
TN:
SF:src\utils\tokens.js
FN:19,createToken
FN:30,setCookie
FNF:2
FNH:2
FNDA:9,createToken
FNDA:9,setCookie
DA:1,3
DA:2,3
DA:5,3
DA:6,3
DA:7,3
DA:12,3
DA:20,9
DA:31,9
DA:34,3
LF:9
LH:9
BRDA:5,0,0,3
BRDA:5,0,1,3
BRF:2
BRH:2
end_of_record
TN:
SF:src\utils\utils.js
FN:6,checkEnv
FNF:1
FNH:1
FNDA:3,checkEnv
DA:7,3
DA:8,3
DA:9,0
DA:11,3
DA:14,3
LF:5
LH:4
BRDA:8,0,0,0
BRDA:8,0,1,3
BRDA:8,1,0,3
BRDA:8,1,1,0
BRF:4
BRH:2
end_of_record
TN:
SF:tests\utils\db.js
FN:9,connect
FN:17,disconnect
FN:27,clear
FNF:3
FNH:3
FNDA:3,connect
FNDA:3,disconnect
FNDA:11,clear
DA:1,3
DA:2,3
DA:10,3
DA:11,3
DA:19,3
DA:20,3
DA:21,3
DA:28,11
DA:29,11
DA:30,11
DA:34,3
DA:35,3
LF:12
LH:12
BRF:0
BRH:0
end_of_record
